<?xml version="1.0" encoding="UTF-8"?>
<testsuite name="com.group.libraryapp.calculator.JunitCalculatorTest" tests="4" skipped="0" failures="0" errors="0" timestamp="2022-12-28T11:23:56" hostname="Minjaeui-MacBookAir.local" time="0.005">
  <properties/>
  <testcase name="divideTest()" classname="com.group.libraryapp.calculator.JunitCalculatorTest" time="0.001"/>
  <testcase name="multiplyTest()" classname="com.group.libraryapp.calculator.JunitCalculatorTest" time="0.001"/>
  <testcase name="divideExceptionTest()" classname="com.group.libraryapp.calculator.JunitCalculatorTest" time="0.002"/>
  <testcase name="minusTest()" classname="com.group.libraryapp.calculator.JunitCalculatorTest" time="0.0"/>
  <system-out><![CDATA[]]></system-out>
  <system-err><![CDATA[]]></system-err>
</testsuite>
