<?xml version="1.0" encoding="UTF-8"?>
<testsuite name="com.group.libraryapp.service.book.BookServiceTest" tests="3" skipped="0" failures="0" errors="0" timestamp="2022-12-28T10:24:42" hostname="Minjaeui-MacBookAir.local" time="0.304">
  <properties/>
  <testcase name="책 저장 정상 동작" classname="com.group.libraryapp.service.book.BookServiceTest" time="0.189"/>
  <testcase name="loandBookFailTest()" classname="com.group.libraryapp.service.book.BookServiceTest" time="0.093"/>
  <testcase name="loanBook()" classname="com.group.libraryapp.service.book.BookServiceTest" time="0.022"/>
  <system-out><![CDATA[19:24:39.900 [Test worker] DEBUG org.springframework.test.context.BootstrapUtils - Instantiating CacheAwareContextLoaderDelegate from class [org.springframework.test.context.cache.DefaultCacheAwareContextLoaderDelegate]
19:24:39.905 [Test worker] DEBUG org.springframework.test.context.BootstrapUtils - Instantiating BootstrapContext using constructor [public org.springframework.test.context.support.DefaultBootstrapContext(java.lang.Class,org.springframework.test.context.CacheAwareContextLoaderDelegate)]
19:24:39.924 [Test worker] DEBUG org.springframework.test.context.BootstrapUtils - Instantiating TestContextBootstrapper for test class [com.group.libraryapp.service.book.BookServiceTest] from class [org.springframework.boot.test.context.SpringBootTestContextBootstrapper]
19:24:39.931 [Test worker] INFO org.springframework.boot.test.context.SpringBootTestContextBootstrapper - Neither @ContextConfiguration nor @ContextHierarchy found for test class [com.group.libraryapp.service.book.BookServiceTest], using SpringBootContextLoader
19:24:39.933 [Test worker] DEBUG org.springframework.test.context.support.AbstractContextLoader - Did not detect default resource location for test class [com.group.libraryapp.service.book.BookServiceTest]: class path resource [com/group/libraryapp/service/book/BookServiceTest-context.xml] does not exist
19:24:39.933 [Test worker] DEBUG org.springframework.test.context.support.AbstractContextLoader - Did not detect default resource location for test class [com.group.libraryapp.service.book.BookServiceTest]: class path resource [com/group/libraryapp/service/book/BookServiceTestContext.groovy] does not exist
19:24:39.933 [Test worker] INFO org.springframework.test.context.support.AbstractContextLoader - Could not detect default resource locations for test class [com.group.libraryapp.service.book.BookServiceTest]: no resource found for suffixes {-context.xml, Context.groovy}.
19:24:39.934 [Test worker] INFO org.springframework.test.context.support.AnnotationConfigContextLoaderUtils - Could not detect default configuration classes for test class [com.group.libraryapp.service.book.BookServiceTest]: BookServiceTest does not declare any static, non-private, non-final, nested classes annotated with @Configuration.
19:24:39.954 [Test worker] DEBUG org.springframework.test.context.support.ActiveProfilesUtils - Could not find an 'annotation declaring class' for annotation type [org.springframework.test.context.ActiveProfiles] and class [com.group.libraryapp.service.book.BookServiceTest]
19:24:39.984 [Test worker] DEBUG org.springframework.context.annotation.ClassPathScanningCandidateComponentProvider - Identified candidate component class: file [/Users/minjaekim/Desktop/Dev/kotlin-springboot/Kotlin_Spring_Library_Application/library-app/build/classes/java/main/com/group/libraryapp/LibraryAppApplication.class]
19:24:39.985 [Test worker] INFO org.springframework.boot.test.context.SpringBootTestContextBootstrapper - Found @SpringBootConfiguration com.group.libraryapp.LibraryAppApplication for test class com.group.libraryapp.service.book.BookServiceTest
19:24:40.022 [Test worker] DEBUG org.springframework.boot.test.context.SpringBootTestContextBootstrapper - @TestExecutionListeners is not present for class [com.group.libraryapp.service.book.BookServiceTest]: using defaults.
19:24:40.023 [Test worker] INFO org.springframework.boot.test.context.SpringBootTestContextBootstrapper - Loaded default TestExecutionListener class names from location [META-INF/spring.factories]: [org.springframework.boot.test.autoconfigure.restdocs.RestDocsTestExecutionListener, org.springframework.boot.test.autoconfigure.web.client.MockRestServiceServerResetTestExecutionListener, org.springframework.boot.test.autoconfigure.web.servlet.MockMvcPrintOnlyOnFailureTestExecutionListener, org.springframework.boot.test.autoconfigure.web.servlet.WebDriverTestExecutionListener, org.springframework.boot.test.autoconfigure.webservices.client.MockWebServiceServerTestExecutionListener, org.springframework.boot.test.mock.mockito.MockitoTestExecutionListener, org.springframework.boot.test.mock.mockito.ResetMocksTestExecutionListener, org.springframework.test.context.web.ServletTestExecutionListener, org.springframework.test.context.support.DirtiesContextBeforeModesTestExecutionListener, org.springframework.test.context.event.ApplicationEventsTestExecutionListener, org.springframework.test.context.support.DependencyInjectionTestExecutionListener, org.springframework.test.context.support.DirtiesContextTestExecutionListener, org.springframework.test.context.transaction.TransactionalTestExecutionListener, org.springframework.test.context.jdbc.SqlScriptsTestExecutionListener, org.springframework.test.context.event.EventPublishingTestExecutionListener]
19:24:40.029 [Test worker] INFO org.springframework.boot.test.context.SpringBootTestContextBootstrapper - Using TestExecutionListeners: [org.springframework.test.context.web.ServletTestExecutionListener@2cb3d0f7, org.springframework.test.context.support.DirtiesContextBeforeModesTestExecutionListener@4e517165, org.springframework.test.context.event.ApplicationEventsTestExecutionListener@44e3760b, org.springframework.boot.test.mock.mockito.MockitoTestExecutionListener@6a66a204, org.springframework.boot.test.autoconfigure.SpringBootDependencyInjectionTestExecutionListener@5860f3d7, org.springframework.test.context.support.DirtiesContextTestExecutionListener@1d7f7be7, org.springframework.test.context.transaction.TransactionalTestExecutionListener@42f3156d, org.springframework.test.context.jdbc.SqlScriptsTestExecutionListener@1ddae9b5, org.springframework.test.context.event.EventPublishingTestExecutionListener@427b5f92, org.springframework.boot.test.autoconfigure.restdocs.RestDocsTestExecutionListener@24bdb479, org.springframework.boot.test.autoconfigure.web.client.MockRestServiceServerResetTestExecutionListener@7e3f95fe, org.springframework.boot.test.autoconfigure.web.servlet.MockMvcPrintOnlyOnFailureTestExecutionListener@34625ccd, org.springframework.boot.test.autoconfigure.web.servlet.WebDriverTestExecutionListener@2c7d121c, org.springframework.boot.test.autoconfigure.webservices.client.MockWebServiceServerTestExecutionListener@65aa6596, org.springframework.boot.test.mock.mockito.ResetMocksTestExecutionListener@67389cb8]
19:24:40.031 [Test worker] DEBUG org.springframework.test.context.support.AbstractDirtiesContextTestExecutionListener - Before test class: context [DefaultTestContext@2488b073 testClass = BookServiceTest, testInstance = [null], testMethod = [null], testException = [null], mergedContextConfiguration = [WebMergedContextConfiguration@1c9f0a20 testClass = BookServiceTest, locations = '{}', classes = '{class com.group.libraryapp.LibraryAppApplication}', contextInitializerClasses = '[]', activeProfiles = '{}', propertySourceLocations = '{}', propertySourceProperties = '{org.springframework.boot.test.context.SpringBootTestContextBootstrapper=true}', contextCustomizers = set[org.springframework.boot.test.autoconfigure.actuate.metrics.MetricsExportContextCustomizerFactory$DisableMetricExportContextCustomizer@2b76ff4e, org.springframework.boot.test.autoconfigure.properties.PropertyMappingContextCustomizer@0, org.springframework.boot.test.autoconfigure.web.servlet.WebDriverContextCustomizerFactory$Customizer@5460cf3a, org.springframework.boot.test.context.filter.ExcludeFilterContextCustomizer@27d4a09, org.springframework.boot.test.json.DuplicateJsonObjectContextCustomizerFactory$DuplicateJsonObjectContextCustomizer@740d2e78, org.springframework.boot.test.mock.mockito.MockitoContextCustomizer@0, org.springframework.boot.test.web.client.TestRestTemplateContextCustomizer@30af5b6b, org.springframework.boot.test.context.SpringBootTestArgs@1, org.springframework.boot.test.context.SpringBootTestWebEnvironment@4ef37659], resourceBasePath = 'src/main/webapp', contextLoader = 'org.springframework.boot.test.context.SpringBootContextLoader', parent = [null]], attributes = map['org.springframework.test.context.web.ServletTestExecutionListener.activateListener' -> true]], class annotated with @DirtiesContext [false] with mode [null].

  .   ____          _            __ _ _
 /\\ / ___'_ __ _ _(_)_ __  __ _ \ \ \ \
( ( )\___ | '_ | '_| | '_ \/ _` | \ \ \ \
 \\/  ___)| |_)| | | | | || (_| |  ) ) ) )
  '  |____| .__|_| |_|_| |_\__, | / / / /
 =========|_|==============|___/=/_/_/_/
 :: Spring Boot ::                (v2.6.8)

2022-12-28 19:24:40.184  INFO 2796 --- [    Test worker] c.g.l.service.book.BookServiceTest       : Starting BookServiceTest using Java 17.0.2 on Minjaeui-MacBookAir.local with PID 2796 (started by minjaekim in /Users/minjaekim/Desktop/Dev/kotlin-springboot/Kotlin_Spring_Library_Application/library-app)
2022-12-28 19:24:40.185  INFO 2796 --- [    Test worker] c.g.l.service.book.BookServiceTest       : No active profile set, falling back to 1 default profile: "default"
2022-12-28 19:24:40.548  INFO 2796 --- [    Test worker] .s.d.r.c.RepositoryConfigurationDelegate : Bootstrapping Spring Data JPA repositories in DEFAULT mode.
2022-12-28 19:24:40.574  INFO 2796 --- [    Test worker] .s.d.r.c.RepositoryConfigurationDelegate : Finished Spring Data repository scanning in 22 ms. Found 3 JPA repository interfaces.
2022-12-28 19:24:40.857  INFO 2796 --- [    Test worker] o.hibernate.jpa.internal.util.LogHelper  : HHH000204: Processing PersistenceUnitInfo [name: default]
2022-12-28 19:24:40.957  INFO 2796 --- [    Test worker] org.hibernate.Version                    : HHH000412: Hibernate ORM core version 5.6.9.Final
2022-12-28 19:24:41.044  INFO 2796 --- [    Test worker] o.hibernate.annotations.common.Version   : HCANN000001: Hibernate Commons Annotations {5.1.2.Final}
2022-12-28 19:24:41.093  INFO 2796 --- [    Test worker] com.zaxxer.hikari.HikariDataSource       : HikariPool-1 - Starting...
2022-12-28 19:24:41.190  INFO 2796 --- [    Test worker] com.zaxxer.hikari.HikariDataSource       : HikariPool-1 - Start completed.
2022-12-28 19:24:41.240  INFO 2796 --- [    Test worker] org.hibernate.dialect.Dialect            : HHH000400: Using dialect: org.hibernate.dialect.H2Dialect
Hibernate: 
    
    drop table if exists book CASCADE 
Hibernate: 
    
    drop table if exists java_book CASCADE 
Hibernate: 
    
    drop table if exists user CASCADE 
Hibernate: 
    
    drop table if exists user_loan_history CASCADE 
Hibernate: 
    
    create table book (
       id bigint generated by default as identity,
        name varchar(255),
        primary key (id)
    )
Hibernate: 
    
    create table java_book (
       id bigint generated by default as identity,
        name varchar(255) not null,
        primary key (id)
    )
Hibernate: 
    
    create table user (
       id bigint generated by default as identity,
        age integer not null,
        name varchar(255),
        primary key (id)
    )
Hibernate: 
    
    create table user_loan_history (
       id bigint generated by default as identity,
        book_name varchar(255),
        is_return boolean not null,
        user_id bigint,
        primary key (id)
    )
Hibernate: 
    
    alter table user_loan_history 
       add constraint FKa17jbf1po26eytdyvyj73b4rw 
       foreign key (user_id) 
       references user
2022-12-28 19:24:41.524  INFO 2796 --- [    Test worker] o.h.e.t.j.p.i.JtaPlatformInitiator       : HHH000490: Using JtaPlatform implementation: [org.hibernate.engine.transaction.jta.platform.internal.NoJtaPlatform]
2022-12-28 19:24:41.527  INFO 2796 --- [    Test worker] j.LocalContainerEntityManagerFactoryBean : Initialized JPA EntityManagerFactory for persistence unit 'default'
2022-12-28 19:24:42.210  WARN 2796 --- [    Test worker] JpaBaseConfiguration$JpaWebConfiguration : spring.jpa.open-in-view is enabled by default. Therefore, database queries may be performed during view rendering. Explicitly configure spring.jpa.open-in-view to disable this warning
2022-12-28 19:24:42.337  INFO 2796 --- [    Test worker] o.s.b.a.h2.H2ConsoleAutoConfiguration    : H2 console available at '/h2-console'. Database available at 'jdbc:h2:mem:library'
2022-12-28 19:24:42.463  INFO 2796 --- [    Test worker] c.g.l.service.book.BookServiceTest       : Started BookServiceTest in 2.417 seconds (JVM running for 2.912)
Hibernate: 
    insert 
    into
        book
        (id, name) 
    values
        (default, ?)
Hibernate: 
    select
        book0_.id as id1_0_,
        book0_.name as name2_0_ 
    from
        book book0_
Hibernate: 
    select
        book0_.id as id1_0_,
        book0_.name as name2_0_ 
    from
        book book0_
Hibernate: 
    delete 
    from
        book 
    where
        id=?
Hibernate: 
    select
        user0_.id as id1_2_,
        user0_.age as age2_2_,
        user0_.name as name3_2_ 
    from
        user user0_
Hibernate: 
    insert 
    into
        book
        (id, name) 
    values
        (default, ?)
Hibernate: 
    insert 
    into
        user
        (id, age, name) 
    values
        (default, ?, ?)
Hibernate: 
    insert 
    into
        user_loan_history
        (id, book_name, is_return, user_id) 
    values
        (default, ?, ?, ?)
Hibernate: 
    select
        book0_.id as id1_0_,
        book0_.name as name2_0_ 
    from
        book book0_ 
    where
        book0_.name=?
Hibernate: 
    select
        userloanhi0_.id as id1_3_,
        userloanhi0_.book_name as book_nam2_3_,
        userloanhi0_.is_return as is_retur3_3_,
        userloanhi0_.user_id as user_id4_3_ 
    from
        user_loan_history userloanhi0_ 
    where
        userloanhi0_.book_name=? 
        and userloanhi0_.is_return=?
Hibernate: 
    select
        user0_.id as id1_2_0_,
        user0_.age as age2_2_0_,
        user0_.name as name3_2_0_ 
    from
        user user0_ 
    where
        user0_.id=?
Hibernate: 
    select
        book0_.id as id1_0_,
        book0_.name as name2_0_ 
    from
        book book0_
Hibernate: 
    delete 
    from
        book 
    where
        id=?
Hibernate: 
    select
        user0_.id as id1_2_,
        user0_.age as age2_2_,
        user0_.name as name3_2_ 
    from
        user user0_
Hibernate: 
    select
        userloanhi0_.user_id as user_id4_3_0_,
        userloanhi0_.id as id1_3_0_,
        userloanhi0_.id as id1_3_1_,
        userloanhi0_.book_name as book_nam2_3_1_,
        userloanhi0_.is_return as is_retur3_3_1_,
        userloanhi0_.user_id as user_id4_3_1_ 
    from
        user_loan_history userloanhi0_ 
    where
        userloanhi0_.user_id=?
Hibernate: 
    delete 
    from
        user_loan_history 
    where
        id=?
Hibernate: 
    delete 
    from
        user 
    where
        id=?
Hibernate: 
    insert 
    into
        book
        (id, name) 
    values
        (default, ?)
Hibernate: 
    insert 
    into
        user
        (id, age, name) 
    values
        (default, ?, ?)
Hibernate: 
    select
        book0_.id as id1_0_,
        book0_.name as name2_0_ 
    from
        book book0_ 
    where
        book0_.name=?
Hibernate: 
    select
        userloanhi0_.id as id1_3_,
        userloanhi0_.book_name as book_nam2_3_,
        userloanhi0_.is_return as is_retur3_3_,
        userloanhi0_.user_id as user_id4_3_ 
    from
        user_loan_history userloanhi0_ 
    where
        userloanhi0_.book_name=? 
        and userloanhi0_.is_return=?
Hibernate: 
    select
        user0_.id as id1_2_,
        user0_.age as age2_2_,
        user0_.name as name3_2_ 
    from
        user user0_ 
    where
        user0_.name=?
Hibernate: 
    insert 
    into
        user_loan_history
        (id, book_name, is_return, user_id) 
    values
        (default, ?, ?, ?)
Hibernate: 
    select
        userloanhi0_.id as id1_3_,
        userloanhi0_.book_name as book_nam2_3_,
        userloanhi0_.is_return as is_retur3_3_,
        userloanhi0_.user_id as user_id4_3_ 
    from
        user_loan_history userloanhi0_
Hibernate: 
    select
        user0_.id as id1_2_0_,
        user0_.age as age2_2_0_,
        user0_.name as name3_2_0_ 
    from
        user user0_ 
    where
        user0_.id=?
Hibernate: 
    select
        book0_.id as id1_0_,
        book0_.name as name2_0_ 
    from
        book book0_
Hibernate: 
    delete 
    from
        book 
    where
        id=?
Hibernate: 
    select
        user0_.id as id1_2_,
        user0_.age as age2_2_,
        user0_.name as name3_2_ 
    from
        user user0_
Hibernate: 
    select
        userloanhi0_.user_id as user_id4_3_0_,
        userloanhi0_.id as id1_3_0_,
        userloanhi0_.id as id1_3_1_,
        userloanhi0_.book_name as book_nam2_3_1_,
        userloanhi0_.is_return as is_retur3_3_1_,
        userloanhi0_.user_id as user_id4_3_1_ 
    from
        user_loan_history userloanhi0_ 
    where
        userloanhi0_.user_id=?
Hibernate: 
    delete 
    from
        user_loan_history 
    where
        id=?
Hibernate: 
    delete 
    from
        user 
    where
        id=?
]]></system-out>
  <system-err><![CDATA[]]></system-err>
</testsuite>
