<?xml version="1.0" encoding="UTF-8"?>
<testsuite name="com.group.libraryapp.LibraryAppApplicationTests" tests="1" skipped="0" failures="0" errors="0" timestamp="2022-12-28T06:52:04" hostname="Minjaeui-MacBookAir.local" time="0.002">
  <properties/>
  <testcase name="contextLoads()" classname="com.group.libraryapp.LibraryAppApplicationTests" time="0.002"/>
  <system-out><![CDATA[2022-12-28 15:52:04.480  INFO 81147 --- [    Test worker] .b.t.c.SpringBootTestContextBootstrapper : Neither @ContextConfiguration nor @ContextHierarchy found for test class [com.group.libraryapp.LibraryAppApplicationTests], using SpringBootContextLoader
2022-12-28 15:52:04.481  INFO 81147 --- [    Test worker] o.s.t.c.support.AbstractContextLoader    : Could not detect default resource locations for test class [com.group.libraryapp.LibraryAppApplicationTests]: no resource found for suffixes {-context.xml, Context.groovy}.
2022-12-28 15:52:04.481  INFO 81147 --- [    Test worker] t.c.s.AnnotationConfigContextLoaderUtils : Could not detect default configuration classes for test class [com.group.libraryapp.LibraryAppApplicationTests]: LibraryAppApplicationTests does not declare any static, non-private, non-final, nested classes annotated with @Configuration.
2022-12-28 15:52:04.482  INFO 81147 --- [    Test worker] .b.t.c.SpringBootTestContextBootstrapper : Found @SpringBootConfiguration com.group.libraryapp.LibraryAppApplication for test class com.group.libraryapp.LibraryAppApplicationTests
2022-12-28 15:52:04.485  INFO 81147 --- [    Test worker] .b.t.c.SpringBootTestContextBootstrapper : Loaded default TestExecutionListener class names from location [META-INF/spring.factories]: [org.springframework.boot.test.autoconfigure.restdocs.RestDocsTestExecutionListener, org.springframework.boot.test.autoconfigure.web.client.MockRestServiceServerResetTestExecutionListener, org.springframework.boot.test.autoconfigure.web.servlet.MockMvcPrintOnlyOnFailureTestExecutionListener, org.springframework.boot.test.autoconfigure.web.servlet.WebDriverTestExecutionListener, org.springframework.boot.test.autoconfigure.webservices.client.MockWebServiceServerTestExecutionListener, org.springframework.boot.test.mock.mockito.MockitoTestExecutionListener, org.springframework.boot.test.mock.mockito.ResetMocksTestExecutionListener, org.springframework.test.context.web.ServletTestExecutionListener, org.springframework.test.context.support.DirtiesContextBeforeModesTestExecutionListener, org.springframework.test.context.event.ApplicationEventsTestExecutionListener, org.springframework.test.context.support.DependencyInjectionTestExecutionListener, org.springframework.test.context.support.DirtiesContextTestExecutionListener, org.springframework.test.context.transaction.TransactionalTestExecutionListener, org.springframework.test.context.jdbc.SqlScriptsTestExecutionListener, org.springframework.test.context.event.EventPublishingTestExecutionListener]
2022-12-28 15:52:04.486  INFO 81147 --- [    Test worker] .b.t.c.SpringBootTestContextBootstrapper : Using TestExecutionListeners: [org.springframework.test.context.web.ServletTestExecutionListener@3bdf6d63, org.springframework.test.context.support.DirtiesContextBeforeModesTestExecutionListener@6d4bb60f, org.springframework.test.context.event.ApplicationEventsTestExecutionListener@29b61bb, org.springframework.boot.test.mock.mockito.MockitoTestExecutionListener@2fe152aa, org.springframework.boot.test.autoconfigure.SpringBootDependencyInjectionTestExecutionListener@6f959640, org.springframework.test.context.support.DirtiesContextTestExecutionListener@5fdebe73, org.springframework.test.context.transaction.TransactionalTestExecutionListener@6919a8a, org.springframework.test.context.jdbc.SqlScriptsTestExecutionListener@23c0fcf0, org.springframework.test.context.event.EventPublishingTestExecutionListener@60a4595e, org.springframework.boot.test.autoconfigure.restdocs.RestDocsTestExecutionListener@4a234e1f, org.springframework.boot.test.autoconfigure.web.client.MockRestServiceServerResetTestExecutionListener@406cc81b, org.springframework.boot.test.autoconfigure.web.servlet.MockMvcPrintOnlyOnFailureTestExecutionListener@64ef9b9a, org.springframework.boot.test.autoconfigure.web.servlet.WebDriverTestExecutionListener@264340f0, org.springframework.boot.test.autoconfigure.webservices.client.MockWebServiceServerTestExecutionListener@7640a191, org.springframework.boot.test.mock.mockito.ResetMocksTestExecutionListener@504a9352]
]]></system-out>
  <system-err><![CDATA[]]></system-err>
</testsuite>
