<?xml version="1.0" encoding="UTF-8"?>
<testsuite name="com.group.libraryapp.LibraryAppApplicationTests" tests="1" skipped="0" failures="0" errors="0" timestamp="2022-12-28T11:23:56" hostname="Minjaeui-MacBookAir.local" time="0.002">
  <properties/>
  <testcase name="contextLoads()" classname="com.group.libraryapp.LibraryAppApplicationTests" time="0.002"/>
  <system-out><![CDATA[2022-12-28 20:23:56.250  INFO 3698 --- [    Test worker] .b.t.c.SpringBootTestContextBootstrapper : Neither @ContextConfiguration nor @ContextHierarchy found for test class [com.group.libraryapp.LibraryAppApplicationTests], using SpringBootContextLoader
2022-12-28 20:23:56.251  INFO 3698 --- [    Test worker] o.s.t.c.support.AbstractContextLoader    : Could not detect default resource locations for test class [com.group.libraryapp.LibraryAppApplicationTests]: no resource found for suffixes {-context.xml, Context.groovy}.
2022-12-28 20:23:56.251  INFO 3698 --- [    Test worker] t.c.s.AnnotationConfigContextLoaderUtils : Could not detect default configuration classes for test class [com.group.libraryapp.LibraryAppApplicationTests]: LibraryAppApplicationTests does not declare any static, non-private, non-final, nested classes annotated with @Configuration.
2022-12-28 20:23:56.254  INFO 3698 --- [    Test worker] .b.t.c.SpringBootTestContextBootstrapper : Found @SpringBootConfiguration com.group.libraryapp.LibraryAppApplication for test class com.group.libraryapp.LibraryAppApplicationTests
2022-12-28 20:23:56.257  INFO 3698 --- [    Test worker] .b.t.c.SpringBootTestContextBootstrapper : Loaded default TestExecutionListener class names from location [META-INF/spring.factories]: [org.springframework.boot.test.autoconfigure.restdocs.RestDocsTestExecutionListener, org.springframework.boot.test.autoconfigure.web.client.MockRestServiceServerResetTestExecutionListener, org.springframework.boot.test.autoconfigure.web.servlet.MockMvcPrintOnlyOnFailureTestExecutionListener, org.springframework.boot.test.autoconfigure.web.servlet.WebDriverTestExecutionListener, org.springframework.boot.test.autoconfigure.webservices.client.MockWebServiceServerTestExecutionListener, org.springframework.boot.test.mock.mockito.MockitoTestExecutionListener, org.springframework.boot.test.mock.mockito.ResetMocksTestExecutionListener, org.springframework.test.context.web.ServletTestExecutionListener, org.springframework.test.context.support.DirtiesContextBeforeModesTestExecutionListener, org.springframework.test.context.event.ApplicationEventsTestExecutionListener, org.springframework.test.context.support.DependencyInjectionTestExecutionListener, org.springframework.test.context.support.DirtiesContextTestExecutionListener, org.springframework.test.context.transaction.TransactionalTestExecutionListener, org.springframework.test.context.jdbc.SqlScriptsTestExecutionListener, org.springframework.test.context.event.EventPublishingTestExecutionListener]
2022-12-28 20:23:56.257  INFO 3698 --- [    Test worker] .b.t.c.SpringBootTestContextBootstrapper : Using TestExecutionListeners: [org.springframework.test.context.web.ServletTestExecutionListener@dfe2875, org.springframework.test.context.support.DirtiesContextBeforeModesTestExecutionListener@402fcf14, org.springframework.test.context.event.ApplicationEventsTestExecutionListener@517d68b8, org.springframework.boot.test.mock.mockito.MockitoTestExecutionListener@58b03882, org.springframework.boot.test.autoconfigure.SpringBootDependencyInjectionTestExecutionListener@24710e61, org.springframework.test.context.support.DirtiesContextTestExecutionListener@1a983294, org.springframework.test.context.transaction.TransactionalTestExecutionListener@209ab1d7, org.springframework.test.context.jdbc.SqlScriptsTestExecutionListener@7937f96e, org.springframework.test.context.event.EventPublishingTestExecutionListener@5599f22f, org.springframework.boot.test.autoconfigure.restdocs.RestDocsTestExecutionListener@ece769a, org.springframework.boot.test.autoconfigure.web.client.MockRestServiceServerResetTestExecutionListener@7baf7a9d, org.springframework.boot.test.autoconfigure.web.servlet.MockMvcPrintOnlyOnFailureTestExecutionListener@3d95100f, org.springframework.boot.test.autoconfigure.web.servlet.WebDriverTestExecutionListener@27879518, org.springframework.boot.test.autoconfigure.webservices.client.MockWebServiceServerTestExecutionListener@5a004dd4, org.springframework.boot.test.mock.mockito.ResetMocksTestExecutionListener@5afbbf9b]
]]></system-out>
  <system-err><![CDATA[]]></system-err>
</testsuite>
