<?xml version="1.0" encoding="UTF-8"?>
<testsuite name="com.group.libraryapp.LibraryAppApplicationTests" tests="1" skipped="0" failures="0" errors="0" timestamp="2022-12-28T10:24:42" hostname="Minjaeui-MacBookAir.local" time="0.001">
  <properties/>
  <testcase name="contextLoads()" classname="com.group.libraryapp.LibraryAppApplicationTests" time="0.001"/>
  <system-out><![CDATA[2022-12-28 19:24:42.832  INFO 2796 --- [    Test worker] .b.t.c.SpringBootTestContextBootstrapper : Neither @ContextConfiguration nor @ContextHierarchy found for test class [com.group.libraryapp.LibraryAppApplicationTests], using SpringBootContextLoader
2022-12-28 19:24:42.833  INFO 2796 --- [    Test worker] o.s.t.c.support.AbstractContextLoader    : Could not detect default resource locations for test class [com.group.libraryapp.LibraryAppApplicationTests]: no resource found for suffixes {-context.xml, Context.groovy}.
2022-12-28 19:24:42.833  INFO 2796 --- [    Test worker] t.c.s.AnnotationConfigContextLoaderUtils : Could not detect default configuration classes for test class [com.group.libraryapp.LibraryAppApplicationTests]: LibraryAppApplicationTests does not declare any static, non-private, non-final, nested classes annotated with @Configuration.
2022-12-28 19:24:42.834  INFO 2796 --- [    Test worker] .b.t.c.SpringBootTestContextBootstrapper : Found @SpringBootConfiguration com.group.libraryapp.LibraryAppApplication for test class com.group.libraryapp.LibraryAppApplicationTests
2022-12-28 19:24:42.835  INFO 2796 --- [    Test worker] .b.t.c.SpringBootTestContextBootstrapper : Loaded default TestExecutionListener class names from location [META-INF/spring.factories]: [org.springframework.boot.test.autoconfigure.restdocs.RestDocsTestExecutionListener, org.springframework.boot.test.autoconfigure.web.client.MockRestServiceServerResetTestExecutionListener, org.springframework.boot.test.autoconfigure.web.servlet.MockMvcPrintOnlyOnFailureTestExecutionListener, org.springframework.boot.test.autoconfigure.web.servlet.WebDriverTestExecutionListener, org.springframework.boot.test.autoconfigure.webservices.client.MockWebServiceServerTestExecutionListener, org.springframework.boot.test.mock.mockito.MockitoTestExecutionListener, org.springframework.boot.test.mock.mockito.ResetMocksTestExecutionListener, org.springframework.test.context.web.ServletTestExecutionListener, org.springframework.test.context.support.DirtiesContextBeforeModesTestExecutionListener, org.springframework.test.context.event.ApplicationEventsTestExecutionListener, org.springframework.test.context.support.DependencyInjectionTestExecutionListener, org.springframework.test.context.support.DirtiesContextTestExecutionListener, org.springframework.test.context.transaction.TransactionalTestExecutionListener, org.springframework.test.context.jdbc.SqlScriptsTestExecutionListener, org.springframework.test.context.event.EventPublishingTestExecutionListener]
2022-12-28 19:24:42.835  INFO 2796 --- [    Test worker] .b.t.c.SpringBootTestContextBootstrapper : Using TestExecutionListeners: [org.springframework.test.context.web.ServletTestExecutionListener@7d96618, org.springframework.test.context.support.DirtiesContextBeforeModesTestExecutionListener@678db8be, org.springframework.test.context.event.ApplicationEventsTestExecutionListener@77b7a4b2, org.springframework.boot.test.mock.mockito.MockitoTestExecutionListener@56739ee9, org.springframework.boot.test.autoconfigure.SpringBootDependencyInjectionTestExecutionListener@1a56cb99, org.springframework.test.context.support.DirtiesContextTestExecutionListener@1014c825, org.springframework.test.context.transaction.TransactionalTestExecutionListener@5acc6ca1, org.springframework.test.context.jdbc.SqlScriptsTestExecutionListener@100235c7, org.springframework.test.context.event.EventPublishingTestExecutionListener@3ca43e5d, org.springframework.boot.test.autoconfigure.restdocs.RestDocsTestExecutionListener@a479c0c, org.springframework.boot.test.autoconfigure.web.client.MockRestServiceServerResetTestExecutionListener@33d75081, org.springframework.boot.test.autoconfigure.web.servlet.MockMvcPrintOnlyOnFailureTestExecutionListener@327af731, org.springframework.boot.test.autoconfigure.web.servlet.WebDriverTestExecutionListener@2fb171f5, org.springframework.boot.test.autoconfigure.webservices.client.MockWebServiceServerTestExecutionListener@19203ff3, org.springframework.boot.test.mock.mockito.ResetMocksTestExecutionListener@10fa270e]
]]></system-out>
  <system-err><![CDATA[]]></system-err>
</testsuite>
